Model: microsoft/deberta-v3-large Score: 0.4569  Scores: [0.4881251563991662, 0.45350791183634237, 0.4167653497073674, 0.4555629168241569, 0.47309887903749326, 0.4544346186864903]
Model: microsoft/deberta-v3-large Score: 0.4569  Scores: [0.4881251563991662, 0.45350791183634237, 0.4167653497073674, 0.4555629168241569, 0.47309887903749326, 0.4544346186864903]
Model: microsoft/deberta-v3-large Score: 0.4569  Scores: [0.4881251563991662, 0.45350791183634237, 0.4167653497073674, 0.4555629168241569, 0.47309887903749326, 0.4544346186864903]
Model: microsoft/deberta-v3-large Score: 0.4569  Scores: [0.4881251563991662, 0.45350791183634237, 0.4167653497073674, 0.4555629168241569, 0.47309887903749326, 0.4544346186864903]
Model: microsoft/deberta-v3-large Score: 0.4569  Scores: [0.4881251563991662, 0.45350791183634237, 0.4167653497073674, 0.4555629168241569, 0.47309887903749326, 0.4544346186864903]
Model: microsoft/deberta-v3-base Score: 0.4590  Scores: [0.4927071121286561, 0.44975919653806296, 0.41900989606208666, 0.46100316932040336, 0.47875430698135113, 0.4529461925915486]
Model: microsoft/deberta-v2-xlarge-mnli Score: 0.4675  Scores: [0.49765214409591746, 0.45645117314928074, 0.43279234487694745, 0.46864751982203684, 0.4879833196863009, 0.46167228651427644]
Model: microsoft/deberta-v3-large Score: 0.4569  Scores: [0.4881251563991662, 0.45350791183634237, 0.4167653497073674, 0.4555629168241569, 0.47309887903749326, 0.4544346186864903]
Model: microsoft/deberta-v3-base Score: 0.4590  Scores: [0.4927071121286561, 0.44975919653806296, 0.41900989606208666, 0.46100316932040336, 0.47875430698135113, 0.4529461925915486]
Model: microsoft/deberta-v2-xlarge-mnli Score: 0.4675  Scores: [0.49765214409591746, 0.45645117314928074, 0.43279234487694745, 0.46864751982203684, 0.4879833196863009, 0.46167228651427644]
Model: microsoft/deberta-v3-large Score: 0.4569  Scores: [0.4881251563991662, 0.45350791183634237, 0.4167653497073674, 0.4555629168241569, 0.47309887903749326, 0.4544346186864903]
Model: microsoft/deberta-v3-base Score: 0.4590  Scores: [0.4927071121286561, 0.44975919653806296, 0.41900989606208666, 0.46100316932040336, 0.47875430698135113, 0.4529461925915486]
Model: microsoft/deberta-v2-xlarge-mnli Score: 0.4675  Scores: [0.49765214409591746, 0.45645117314928074, 0.43279234487694745, 0.46864751982203684, 0.4879833196863009, 0.46167228651427644]
Model: microsoft/deberta-v3-large Score: 0.4569  Scores: [0.4881251563991662, 0.45350791183634237, 0.4167653497073674, 0.4555629168241569, 0.47309887903749326, 0.4544346186864903]
Model: microsoft/deberta-v3-base Score: 0.4590  Scores: [0.4927071121286561, 0.44975919653806296, 0.41900989606208666, 0.46100316932040336, 0.47875430698135113, 0.4529461925915486]
Model: microsoft/deberta-v2-xlarge-mnli Score: 0.4675  Scores: [0.49765214409591746, 0.45645117314928074, 0.43279234487694745, 0.46864751982203684, 0.4879833196863009, 0.46167228651427644]
Model: microsoft/deberta-v3-large Score: 0.4569  Scores: [0.4881251563991662, 0.45350791183634237, 0.4167653497073674, 0.4555629168241569, 0.47309887903749326, 0.4544346186864903]
Model: microsoft/deberta-v3-base Score: 0.4590  Scores: [0.4927071121286561, 0.44975919653806296, 0.41900989606208666, 0.46100316932040336, 0.47875430698135113, 0.4529461925915486]
Model: microsoft/deberta-v3-base Score: 0.4590  Scores: [0.4927071121286561, 0.44975919653806296, 0.41900989606208666, 0.46100316932040336, 0.47875430698135113, 0.4529461925915486]
Model: microsoft/deberta-v2-xlarge-mnli Score: 0.4675  Scores: [0.49765214409591746, 0.45645117314928074, 0.43279234487694745, 0.46864751982203684, 0.4879833196863009, 0.46167228651427644]
Model: microsoft/deberta-v2-xlarge-mnli Score: 0.4675  Scores: [0.49765214409591746, 0.45645117314928074, 0.43279234487694745, 0.46864751982203684, 0.4879833196863009, 0.46167228651427644]
Model: microsoft/deberta-v3-large Score: 0.4569  Scores: [0.4881251563991662, 0.45350791183634237, 0.4167653497073674, 0.4555629168241569, 0.47309887903749326, 0.4544346186864903]
Model: microsoft/deberta-v3-large Score: 0.4569  Scores: [0.4881251563991662, 0.45350791183634237, 0.4167653497073674, 0.4555629168241569, 0.47309887903749326, 0.4544346186864903]
Model: microsoft/deberta-v3-base Score: 0.4590  Scores: [0.4927071121286561, 0.44975919653806296, 0.41900989606208666, 0.46100316932040336, 0.47875430698135113, 0.4529461925915486]
Model: microsoft/deberta-v2-xlarge-mnli Score: 0.4675  Scores: [0.49765214409591746, 0.45645117314928074, 0.43279234487694745, 0.46864751982203684, 0.4879833196863009, 0.46167228651427644]
Model: microsoft/deberta-v3-large Score: 0.4569  Scores: [0.4881251563991662, 0.45350791183634237, 0.4167653497073674, 0.4555629168241569, 0.47309887903749326, 0.4544346186864903]
Model: microsoft/deberta-v3-base Score: 0.4590  Scores: [0.4927071121286561, 0.44975919653806296, 0.41900989606208666, 0.46100316932040336, 0.47875430698135113, 0.4529461925915486]
Model: microsoft/deberta-v2-xlarge-mnli Score: 0.4675  Scores: [0.49765214409591746, 0.45645117314928074, 0.43279234487694745, 0.46864751982203684, 0.4879833196863009, 0.46167228651427644]
Model: microsoft/deberta-v3-large Score: 0.4569  Scores: [0.4881251563991662, 0.45350791183634237, 0.4167653497073674, 0.4555629168241569, 0.47309887903749326, 0.4544346186864903]
Model: microsoft/deberta-v3-large Score: 0.4569  Scores: [0.4881251563991662, 0.45350791183634237, 0.4167653497073674, 0.4555629168241569, 0.47309887903749326, 0.4544346186864903]
Model: microsoft/deberta-v3-large Score: 0.4569  Scores: [0.4881251563991662, 0.45350791183634237, 0.4167653497073674, 0.4555629168241569, 0.47309887903749326, 0.4544346186864903]
Model: microsoft/deberta-v3-large Score: 0.4569  Scores: [0.4881251563991662, 0.45350791183634237, 0.4167653497073674, 0.4555629168241569, 0.47309887903749326, 0.4544346186864903]
Model: microsoft/deberta-v3-base Score: 0.4590  Scores: [0.4927071121286561, 0.44975919653806296, 0.41900989606208666, 0.46100316932040336, 0.47875430698135113, 0.4529461925915486]
Model: microsoft/deberta-v3-base Score: 0.4590  Scores: [0.4927071121286561, 0.44975919653806296, 0.41900989606208666, 0.46100316932040336, 0.47875430698135113, 0.4529461925915486]
Model: microsoft/deberta-v3-base Score: 0.4590  Scores: [0.4927071121286561, 0.44975919653806296, 0.41900989606208666, 0.46100316932040336, 0.47875430698135113, 0.4529461925915486]
Model: microsoft/deberta-v2-xlarge-mnli Score: 0.4675  Scores: [0.49765214409591746, 0.45645117314928074, 0.43279234487694745, 0.46864751982203684, 0.4879833196863009, 0.46167228651427644]
Model: microsoft/deberta-v2-xlarge-mnli Score: 0.4675  Scores: [0.49765214409591746, 0.45645117314928074, 0.43279234487694745, 0.46864751982203684, 0.4879833196863009, 0.46167228651427644]
Model: microsoft/deberta-v3-large Score: 0.4569  Scores: [0.4881251563991662, 0.45350791183634237, 0.4167653497073674, 0.4555629168241569, 0.47309887903749326, 0.4544346186864903]
Model: microsoft/deberta-v3-large Score: 0.4569  Scores: [0.4881251563991662, 0.45350791183634237, 0.4167653497073674, 0.4555629168241569, 0.47309887903749326, 0.4544346186864903]
Model: microsoft/deberta-v3-base Score: 0.4590  Scores: [0.4927071121286561, 0.44975919653806296, 0.41900989606208666, 0.46100316932040336, 0.47875430698135113, 0.4529461925915486]
Model: microsoft/deberta-v3-base Score: 0.4590  Scores: [0.4927071121286561, 0.44975919653806296, 0.41900989606208666, 0.46100316932040336, 0.47875430698135113, 0.4529461925915486]
Model: microsoft/deberta-v3-base Score: 0.4590  Scores: [0.4927071121286561, 0.44975919653806296, 0.41900989606208666, 0.46100316932040336, 0.47875430698135113, 0.4529461925915486]
Model: microsoft/deberta-v2-xlarge-mnli Score: 0.4675  Scores: [0.49765214409591746, 0.45645117314928074, 0.43279234487694745, 0.46864751982203684, 0.4879833196863009, 0.46167228651427644]
Model: microsoft/deberta-v2-xlarge-mnli Score: 0.4675  Scores: [0.49765214409591746, 0.45645117314928074, 0.43279234487694745, 0.46864751982203684, 0.4879833196863009, 0.46167228651427644]
Model: microsoft/deberta-v3-large Score: 0.4569  Scores: [0.4881251563991662, 0.45350791183634237, 0.4167653497073674, 0.4555629168241569, 0.47309887903749326, 0.4544346186864903]
Model: microsoft/deberta-v3-large Score: 0.4569  Scores: [0.4881251563991662, 0.45350791183634237, 0.4167653497073674, 0.4555629168241569, 0.47309887903749326, 0.4544346186864903]
Model: microsoft/deberta-v3-base Score: 0.4590  Scores: [0.4927071121286561, 0.44975919653806296, 0.41900989606208666, 0.46100316932040336, 0.47875430698135113, 0.4529461925915486]
Model: microsoft/deberta-v3-base Score: 0.4590  Scores: [0.4927071121286561, 0.44975919653806296, 0.41900989606208666, 0.46100316932040336, 0.47875430698135113, 0.4529461925915486]
Model: microsoft/deberta-v3-base Score: 0.4590  Scores: [0.4927071121286561, 0.44975919653806296, 0.41900989606208666, 0.46100316932040336, 0.47875430698135113, 0.4529461925915486]
Model: microsoft/deberta-v2-xlarge-mnli Score: 0.4675  Scores: [0.49765214409591746, 0.45645117314928074, 0.43279234487694745, 0.46864751982203684, 0.4879833196863009, 0.46167228651427644]
Model: microsoft/deberta-v2-xlarge-mnli Score: 0.4675  Scores: [0.49765214409591746, 0.45645117314928074, 0.43279234487694745, 0.46864751982203684, 0.4879833196863009, 0.46167228651427644]
Model: microsoft/deberta-v2-xlarge-mnli Score: 0.4675  Scores: [0.49765214409591746, 0.45645117314928074, 0.43279234487694745, 0.46864751982203684, 0.4879833196863009, 0.46167228651427644]
Model: microsoft/deberta-v3-large Score: 0.4569  Scores: [0.4881251563991662, 0.45350791183634237, 0.4167653497073674, 0.4555629168241569, 0.47309887903749326, 0.4544346186864903]
Model: microsoft/deberta-v3-large Score: 0.4569  Scores: [0.4881251563991662, 0.45350791183634237, 0.4167653497073674, 0.4555629168241569, 0.47309887903749326, 0.4544346186864903]
Model: microsoft/deberta-v3-large Score: 0.4569  Scores: [0.4881251563991662, 0.45350791183634237, 0.4167653497073674, 0.4555629168241569, 0.47309887903749326, 0.4544346186864903]
Model: microsoft/deberta-v3-base Score: 0.4590  Scores: [0.4927071121286561, 0.44975919653806296, 0.41900989606208666, 0.46100316932040336, 0.47875430698135113, 0.4529461925915486]
Model: microsoft/deberta-v3-base Score: 0.4590  Scores: [0.4927071121286561, 0.44975919653806296, 0.41900989606208666, 0.46100316932040336, 0.47875430698135113, 0.4529461925915486]
Model: microsoft/deberta-v3-base Score: 0.4590  Scores: [0.4927071121286561, 0.44975919653806296, 0.41900989606208666, 0.46100316932040336, 0.47875430698135113, 0.4529461925915486]
Model: microsoft/deberta-v3-base Score: 0.4590  Scores: [0.4927071121286561, 0.44975919653806296, 0.41900989606208666, 0.46100316932040336, 0.47875430698135113, 0.4529461925915486]
Model: microsoft/deberta-v2-xlarge-mnli Score: 0.4675  Scores: [0.49765214409591746, 0.45645117314928074, 0.43279234487694745, 0.46864751982203684, 0.4879833196863009, 0.46167228651427644]
Model: microsoft/deberta-v2-xlarge-mnli Score: 0.4675  Scores: [0.49765214409591746, 0.45645117314928074, 0.43279234487694745, 0.46864751982203684, 0.4879833196863009, 0.46167228651427644]
Model: microsoft/deberta-v2-xlarge-mnli Score: 0.4675  Scores: [0.49765214409591746, 0.45645117314928074, 0.43279234487694745, 0.46864751982203684, 0.4879833196863009, 0.46167228651427644]
Model: microsoft/deberta-v2-xlarge-mnli Score: 0.4675  Scores: [0.49765214409591746, 0.45645117314928074, 0.43279234487694745, 0.46864751982203684, 0.4879833196863009, 0.46167228651427644]
Model: microsoft/deberta-v3-large Score: 0.4569  Scores: [0.4881251563991662, 0.45350791183634237, 0.4167653497073674, 0.4555629168241569, 0.47309887903749326, 0.4544346186864903]
Model: microsoft/deberta-v3-large Score: 0.4569  Scores: [0.4881251563991662, 0.45350791183634237, 0.4167653497073674, 0.4555629168241569, 0.47309887903749326, 0.4544346186864903]
Model: microsoft/deberta-v3-large Score: 0.4569  Scores: [0.4881251563991662, 0.45350791183634237, 0.4167653497073674, 0.4555629168241569, 0.47309887903749326, 0.4544346186864903]
Model: microsoft/deberta-v3-large Score: 0.4569  Scores: [0.4881251563991662, 0.45350791183634237, 0.4167653497073674, 0.4555629168241569, 0.47309887903749326, 0.4544346186864903]
Model: microsoft/deberta-v3-base Score: 0.4590  Scores: [0.4927071121286561, 0.44975919653806296, 0.41900989606208666, 0.46100316932040336, 0.47875430698135113, 0.4529461925915486]
Model: microsoft/deberta-v2-xlarge-mnli Score: 0.4675  Scores: [0.49765214409591746, 0.45645117314928074, 0.43279234487694745, 0.46864751982203684, 0.4879833196863009, 0.46167228651427644]
Model: microsoft/deberta-v3-large Score: 0.4569  Scores: [0.4881251563991662, 0.45350791183634237, 0.4167653497073674, 0.4555629168241569, 0.47309887903749326, 0.4544346186864903]
Model: microsoft/deberta-v3-base Score: 0.4590  Scores: [0.4927071121286561, 0.44975919653806296, 0.41900989606208666, 0.46100316932040336, 0.47875430698135113, 0.4529461925915486]
Model: microsoft/deberta-v3-base Score: 0.4590  Scores: [0.4927071121286561, 0.44975919653806296, 0.41900989606208666, 0.46100316932040336, 0.47875430698135113, 0.4529461925915486]
Model: microsoft/deberta-v3-base Score: 0.4590  Scores: [0.4927071121286561, 0.44975919653806296, 0.41900989606208666, 0.46100316932040336, 0.47875430698135113, 0.4529461925915486]
Model: microsoft/deberta-v2-xlarge-mnli Score: 0.4675  Scores: [0.49765214409591746, 0.45645117314928074, 0.43279234487694745, 0.46864751982203684, 0.4879833196863009, 0.46167228651427644]
Model: microsoft/deberta-v3-large Score: 0.4569  Scores: [0.4881251563991662, 0.45350791183634237, 0.4167653497073674, 0.4555629168241569, 0.47309887903749326, 0.4544346186864903]
Model: microsoft/deberta-v3-base Score: 0.4590  Scores: [0.4927071121286561, 0.44975919653806296, 0.41900989606208666, 0.46100316932040336, 0.47875430698135113, 0.4529461925915486]
Model: microsoft/deberta-v3-base Score: 0.4590  Scores: [0.4927071121286561, 0.44975919653806296, 0.41900989606208666, 0.46100316932040336, 0.47875430698135113, 0.4529461925915486]
Model: microsoft/deberta-v2-xlarge-mnli Score: 0.4675  Scores: [0.49765214409591746, 0.45645117314928074, 0.43279234487694745, 0.46864751982203684, 0.4879833196863009, 0.46167228651427644]
Model: microsoft/deberta-v2-xlarge-mnli Score: 0.4675  Scores: [0.49765214409591746, 0.45645117314928074, 0.43279234487694745, 0.46864751982203684, 0.4879833196863009, 0.46167228651427644]
Model: microsoft/deberta-v3-large Score: 0.4569  Scores: [0.4881251563991662, 0.45350791183634237, 0.4167653497073674, 0.4555629168241569, 0.47309887903749326, 0.4544346186864903]
Model: microsoft/deberta-v3-large Score: 0.4569  Scores: [0.4881251563991662, 0.45350791183634237, 0.4167653497073674, 0.4555629168241569, 0.47309887903749326, 0.4544346186864903]
Model: microsoft/deberta-v3-large Score: 0.4569  Scores: [0.4881251563991662, 0.45350791183634237, 0.4167653497073674, 0.4555629168241569, 0.47309887903749326, 0.4544346186864903]
Model: microsoft/deberta-v3-large Score: 0.4569  Scores: [0.4881251563991662, 0.45350791183634237, 0.4167653497073674, 0.4555629168241569, 0.47309887903749326, 0.4544346186864903]
Model: microsoft/deberta-v3-large Score: 0.4569  Scores: [0.4881251563991662, 0.45350791183634237, 0.4167653497073674, 0.4555629168241569, 0.47309887903749326, 0.4544346186864903]
Model: microsoft/deberta-v3-base Score: 0.4590  Scores: [0.4927071121286561, 0.44975919653806296, 0.41900989606208666, 0.46100316932040336, 0.47875430698135113, 0.4529461925915486]
Model: microsoft/deberta-v3-base Score: 0.4590  Scores: [0.4927071121286561, 0.44975919653806296, 0.41900989606208666, 0.46100316932040336, 0.47875430698135113, 0.4529461925915486]
Model: microsoft/deberta-v3-base Score: 0.4590  Scores: [0.4927071121286561, 0.44975919653806296, 0.41900989606208666, 0.46100316932040336, 0.47875430698135113, 0.4529461925915486]
Model: microsoft/deberta-v3-base Score: 0.4590  Scores: [0.4927071121286561, 0.44975919653806296, 0.41900989606208666, 0.46100316932040336, 0.47875430698135113, 0.4529461925915486]
Model: microsoft/deberta-v2-xlarge-mnli Score: 0.4675  Scores: [0.49765214409591746, 0.45645117314928074, 0.43279234487694745, 0.46864751982203684, 0.4879833196863009, 0.46167228651427644]
Model: microsoft/deberta-v2-xlarge-mnli Score: 0.4675  Scores: [0.49765214409591746, 0.45645117314928074, 0.43279234487694745, 0.46864751982203684, 0.4879833196863009, 0.46167228651427644]
Model: microsoft/deberta-v2-xlarge-mnli Score: 0.4675  Scores: [0.49765214409591746, 0.45645117314928074, 0.43279234487694745, 0.46864751982203684, 0.4879833196863009, 0.46167228651427644]
Model: microsoft/deberta-v2-xlarge-mnli Score: 0.4675  Scores: [0.49765214409591746, 0.45645117314928074, 0.43279234487694745, 0.46864751982203684, 0.4879833196863009, 0.46167228651427644]
Model: microsoft/deberta-v3-large Score: 0.4569  Scores: [0.4881251563991662, 0.45350791183634237, 0.4167653497073674, 0.4555629168241569, 0.47309887903749326, 0.4544346186864903]
Model: microsoft/deberta-v3-large Score: 0.4569  Scores: [0.4881251563991662, 0.45350791183634237, 0.4167653497073674, 0.4555629168241569, 0.47309887903749326, 0.4544346186864903]
Model: microsoft/deberta-v3-large Score: 0.4569  Scores: [0.4881251563991662, 0.45350791183634237, 0.4167653497073674, 0.4555629168241569, 0.47309887903749326, 0.4544346186864903]
Model: microsoft/deberta-v3-large Score: 0.4569  Scores: [0.4881251563991662, 0.45350791183634237, 0.4167653497073674, 0.4555629168241569, 0.47309887903749326, 0.4544346186864903]
Model: microsoft/deberta-v3-base Score: 0.4590  Scores: [0.4927071121286561, 0.44975919653806296, 0.41900989606208666, 0.46100316932040336, 0.47875430698135113, 0.4529461925915486]
Model: microsoft/deberta-v3-base Score: 0.4590  Scores: [0.4927071121286561, 0.44975919653806296, 0.41900989606208666, 0.46100316932040336, 0.47875430698135113, 0.4529461925915486]
Model: microsoft/deberta-v3-base Score: 0.4590  Scores: [0.4927071121286561, 0.44975919653806296, 0.41900989606208666, 0.46100316932040336, 0.47875430698135113, 0.4529461925915486]
Model: microsoft/deberta-v3-base Score: 0.4590  Scores: [0.4927071121286561, 0.44975919653806296, 0.41900989606208666, 0.46100316932040336, 0.47875430698135113, 0.4529461925915486]
Model: microsoft/deberta-v3-base Score: 0.4590  Scores: [0.4927071121286561, 0.44975919653806296, 0.41900989606208666, 0.46100316932040336, 0.47875430698135113, 0.4529461925915486]
Model: microsoft/deberta-v3-base Score: 0.4590  Scores: [0.4927071121286561, 0.44975919653806296, 0.41900989606208666, 0.46100316932040336, 0.47875430698135113, 0.4529461925915486]
Model: microsoft/deberta-v2-xlarge-mnli Score: 0.4675  Scores: [0.49765214409591746, 0.45645117314928074, 0.43279234487694745, 0.46864751982203684, 0.4879833196863009, 0.46167228651427644]
Model: microsoft/deberta-v2-xlarge-mnli Score: 0.4675  Scores: [0.49765214409591746, 0.45645117314928074, 0.43279234487694745, 0.46864751982203684, 0.4879833196863009, 0.46167228651427644]
Model: microsoft/deberta-v2-xlarge-mnli Score: 0.4675  Scores: [0.49765214409591746, 0.45645117314928074, 0.43279234487694745, 0.46864751982203684, 0.4879833196863009, 0.46167228651427644]
Model: microsoft/deberta-v3-large Score: 0.4569  Scores: [0.4881251563991662, 0.45350791183634237, 0.4167653497073674, 0.4555629168241569, 0.47309887903749326, 0.4544346186864903]
Model: microsoft/deberta-v3-large Score: 0.4569  Scores: [0.4881251563991662, 0.45350791183634237, 0.4167653497073674, 0.4555629168241569, 0.47309887903749326, 0.4544346186864903]
Model: microsoft/deberta-v3-large Score: 0.4569  Scores: [0.4881251563991662, 0.45350791183634237, 0.4167653497073674, 0.4555629168241569, 0.47309887903749326, 0.4544346186864903]
Model: microsoft/deberta-v3-base Score: 0.4590  Scores: [0.4927071121286561, 0.44975919653806296, 0.41900989606208666, 0.46100316932040336, 0.47875430698135113, 0.4529461925915486]
Model: microsoft/deberta-v3-base Score: 0.4590  Scores: [0.4927071121286561, 0.44975919653806296, 0.41900989606208666, 0.46100316932040336, 0.47875430698135113, 0.4529461925915486]
Model: microsoft/deberta-v3-base Score: 0.4590  Scores: [0.4927071121286561, 0.44975919653806296, 0.41900989606208666, 0.46100316932040336, 0.47875430698135113, 0.4529461925915486]
Model: microsoft/deberta-v3-base Score: 0.4590  Scores: [0.4927071121286561, 0.44975919653806296, 0.41900989606208666, 0.46100316932040336, 0.47875430698135113, 0.4529461925915486]
Model: microsoft/deberta-v3-base Score: 0.4590  Scores: [0.4927071121286561, 0.44975919653806296, 0.41900989606208666, 0.46100316932040336, 0.47875430698135113, 0.4529461925915486]
Model: microsoft/deberta-v3-base Score: 0.4590  Scores: [0.4927071121286561, 0.44975919653806296, 0.41900989606208666, 0.46100316932040336, 0.47875430698135113, 0.4529461925915486]
Model: microsoft/deberta-v3-base Score: 0.4590  Scores: [0.4927071121286561, 0.44975919653806296, 0.41900989606208666, 0.46100316932040336, 0.47875430698135113, 0.4529461925915486]
Model: microsoft/deberta-v3-base Score: 0.4590  Scores: [0.4927071121286561, 0.44975919653806296, 0.41900989606208666, 0.46100316932040336, 0.47875430698135113, 0.4529461925915486]
